<?xml version="1.0" encoding="UTF-8"?>
<!-- Generated by org.testng.reporters.JUnitReportReporter -->
<testsuite skipped="0" hostname="BBDVMANIRUDHHKUMARS-3.local" name="Test.comparePrice" tests="1" failures="0" timestamp="08 Nov 2019 07:37:21 GMT" time="40.891" errors="0">
  <testcase name="verifyPrice" time="40.891" classname="Test.comparePrice"/>
</testsuite> <!-- Test.comparePrice -->
