<?xml version="1.0" encoding="UTF-8"?>
<!-- Generated by org.testng.reporters.JUnitReportReporter -->
<testsuite skipped="0" hostname="BBDVMANIRUDHHKUMARS.internal.zeta.in" name="Test1.homePage" tests="1" failures="0" timestamp="30 Oct 2019 15:57:10 GMT" time="56.701" errors="0">
  <testcase name="addToCart" time="56.701" classname="Test1.homePage"/>
</testsuite> <!-- Test1.homePage -->
