<?xml version="1.0" encoding="UTF-8"?>
<!-- Generated by org.testng.reporters.JUnitReportReporter -->
<testsuite skipped="0" hostname="BBDVMANIRUDHHKUMARS-3.local" name="Test.verifyTotalPrice" tests="1" failures="0" timestamp="08 Nov 2019 07:38:10 GMT" time="35.632" errors="0">
  <testcase name="verifyPrice" time="35.632" classname="Test.verifyTotalPrice"/>
</testsuite> <!-- Test.verifyTotalPrice -->
